<?xml version="1.0" encoding="UTF-8"?>
<!-- Generated by org.testng.reporters.JUnitXMLReporter -->
<testsuite hostname="TDG-MBL-MTY0359" ignored="2" name="Default test" tests="1" failures="0" timestamp="21 Feb 2019 16:04:01 GMT" time="6.164" errors="0">
  <testcase name="loginTest01" time="0.043" classname="tests.Login"/>
  <testcase name="loginTest02" time="0.0" classname="tests.Login">
    <ignored/>
  </testcase> <!-- loginTest02 -->
  <testcase name="loginTest03" time="0.0" classname="tests.Login">
    <ignored/>
  </testcase> <!-- loginTest03 -->
</testsuite> <!-- Default test -->
