<?xml version="1.0" encoding="UTF-8"?>
<!-- Generated by org.testng.reporters.JUnitXMLReporter -->
<testsuite hostname="TDG-MBL-MTY0359" ignored="2" name="Default test" tests="1" failures="0" timestamp="22 Feb 2019 17:23:18 GMT" time="5.821" errors="0">
  <testcase name="loginTest01" time="0.045" classname="com.sample_tests.Login"/>
  <testcase name="loginTest02" time="0.0" classname="com.sample_tests.Login">
    <ignored/>
  </testcase> <!-- loginTest02 -->
  <testcase name="loginTest03" time="0.0" classname="com.sample_tests.Login">
    <ignored/>
  </testcase> <!-- loginTest03 -->
</testsuite> <!-- Default test -->
