<?xml version="1.0" encoding="UTF-8"?>
<testng-results skipped="0" failed="0" ignored="2" total="3" passed="1">
  <reporter-output>
  </reporter-output>
  <suite name="Default suite" duration-ms="5821" started-at="2019-02-22T17:23:13Z" finished-at="2019-02-22T17:23:18Z">
    <groups>
    </groups>
    <test name="Default test" duration-ms="5821" started-at="2019-02-22T17:23:13Z" finished-at="2019-02-22T17:23:18Z">
      <class name="com.sample_tests.Login">
        <test-method status="PASS" signature="beforeClass()[pri:0, instance:com.sample_tests.Login@29ee9faa]" name="beforeClass" is-config="true" duration-ms="3810" started-at="2019-02-22T17:23:13Z" finished-at="2019-02-22T17:23:16Z">
          <reporter-output>
          </reporter-output>
        </test-method> <!-- beforeClass -->
        <test-method status="PASS" signature="beforeMethod()[pri:0, instance:com.sample_tests.Login@29ee9faa]" name="beforeMethod" is-config="true" duration-ms="1303" started-at="2019-02-22T17:23:16Z" finished-at="2019-02-22T17:23:18Z">
          <reporter-output>
          </reporter-output>
        </test-method> <!-- beforeMethod -->
        <test-method status="PASS" signature="loginTest01()[pri:0, instance:com.sample_tests.Login@29ee9faa]" name="loginTest01" duration-ms="45" started-at="2019-02-22T17:23:18Z" finished-at="2019-02-22T17:23:18Z">
          <reporter-output>
          </reporter-output>
        </test-method> <!-- loginTest01 -->
        <test-method status="PASS" signature="afterClass()[pri:0, instance:com.sample_tests.Login@29ee9faa]" name="afterClass" is-config="true" duration-ms="648" started-at="2019-02-22T17:23:18Z" finished-at="2019-02-22T17:23:18Z">
          <reporter-output>
          </reporter-output>
        </test-method> <!-- afterClass -->
      </class> <!-- com.sample_tests.Login -->
    </test> <!-- Default test -->
  </suite> <!-- Default suite -->
</testng-results>
