<?xml version="1.0" encoding="UTF-8"?>
<testng-results skipped="0" failed="0" ignored="0" total="1" passed="1">
  <reporter-output>
  </reporter-output>
  <suite name="Default suite" duration-ms="5890" started-at="2019-02-25T20:46:20Z" finished-at="2019-02-25T20:46:26Z">
    <groups>
    </groups>
    <test name="Default test" duration-ms="5890" started-at="2019-02-25T20:46:20Z" finished-at="2019-02-25T20:46:26Z">
      <class name="com.sample_tests.test">
        <test-method status="PASS" signature="beforeClass()[pri:0, instance:com.sample_tests.test@cc285f4]" name="beforeClass" is-config="true" duration-ms="3967" started-at="2019-02-25T20:46:20Z" finished-at="2019-02-25T20:46:24Z">
          <reporter-output>
          </reporter-output>
        </test-method> <!-- beforeClass -->
        <test-method status="PASS" signature="beforeMethod()[pri:0, instance:com.sample_tests.test@cc285f4]" name="beforeMethod" is-config="true" duration-ms="978" started-at="2019-02-25T20:46:24Z" finished-at="2019-02-25T20:46:25Z">
          <reporter-output>
          </reporter-output>
        </test-method> <!-- beforeMethod -->
        <test-method status="PASS" signature="navigateAndWait_test01()[pri:0, instance:com.sample_tests.test@cc285f4]" name="navigateAndWait_test01" duration-ms="295" started-at="2019-02-25T20:46:25Z" finished-at="2019-02-25T20:46:25Z">
          <reporter-output>
          </reporter-output>
        </test-method> <!-- navigateAndWait_test01 -->
        <test-method status="PASS" signature="afterClass()[pri:0, instance:com.sample_tests.test@cc285f4]" name="afterClass" is-config="true" duration-ms="632" started-at="2019-02-25T20:46:25Z" finished-at="2019-02-25T20:46:26Z">
          <reporter-output>
          </reporter-output>
        </test-method> <!-- afterClass -->
      </class> <!-- com.sample_tests.test -->
    </test> <!-- Default test -->
  </suite> <!-- Default suite -->
</testng-results>
